0 info it worked if it ends with ok
1 verbose cli [ 'C:\\PROGRA~1\\nodejs\\node.exe',
1 verbose cli   'C:\\PROGRA~1\\nodejs\\node_modules\\npm\\bin\\npm-cli.js',
1 verbose cli   'start' ]
2 info using npm@3.10.8
3 info using node@v6.9.1
4 verbose run-script [ 'prestart', 'start', 'poststart' ]
5 info lifecycle cards@1.0.0~prestart: cards@1.0.0
6 silly lifecycle cards@1.0.0~prestart: no script for prestart, continuing
7 info lifecycle cards@1.0.0~start: cards@1.0.0
8 verbose lifecycle cards@1.0.0~start: unsafe-perm in lifecycle true
9 verbose lifecycle cards@1.0.0~start: PATH: C:\PROGRA~1\nodejs\node_modules\npm\bin\node-gyp-bin;C:\Users\edwin\Documents\reactjs_course\cards\node_modules\.bin;C:\ProgramData\Oracle\Java\javapath;C:\Progra~1\OpenSSH\bin;C:\Progra~2\OpenSSH\bin;C:\Users\edwin\AppData\Local\Programs\Python\Python36-32\;C:\Users\edwin\AppData\Local\Programs\Python\Python36-32\Scripts;C:\Users\edwin\AppData\Roaming\Python\Python36\Scripts;C:\Progra~1\Git\bin;C:\Progra~1\nodejs;C:\Progra~1\MongoDB\Server\3.2\bin;C:\Windows\System32\;C:\Program Files (x86)\Skype\Phone\;C:\WINDOWS\system32\inetsrv;C:\Program Files\dotnet\;C:\Program Files\Git\cmd;C:\Progra~2\Microsoft VS Code\bin;C:\Users\edwin\AppData\Local\Microsoft\WindowsApps;C:\Users\edwin\AppData\Roaming\npm;C:\Progra~1\Heroku\bin;C:\Program Files (x86)\Microsoft VS Code\bin
10 verbose lifecycle cards@1.0.0~start: CWD: C:\Users\edwin\Documents\reactjs_course\cards
11 silly lifecycle cards@1.0.0~start: Args: [ '/d /s /c', 'node ./server.js' ]
12 silly lifecycle cards@1.0.0~start: Returned: code: 1  signal: null
13 info lifecycle cards@1.0.0~start: Failed to exec start script
14 verbose stack Error: cards@1.0.0 start: `node ./server.js`
14 verbose stack Exit status 1
14 verbose stack     at EventEmitter.<anonymous> (C:\PROGRA~1\nodejs\node_modules\npm\lib\utils\lifecycle.js:255:16)
14 verbose stack     at emitTwo (events.js:106:13)
14 verbose stack     at EventEmitter.emit (events.js:191:7)
14 verbose stack     at ChildProcess.<anonymous> (C:\PROGRA~1\nodejs\node_modules\npm\lib\utils\spawn.js:40:14)
14 verbose stack     at emitTwo (events.js:106:13)
14 verbose stack     at ChildProcess.emit (events.js:191:7)
14 verbose stack     at maybeClose (internal/child_process.js:877:16)
14 verbose stack     at Process.ChildProcess._handle.onexit (internal/child_process.js:226:5)
15 verbose pkgid cards@1.0.0
16 verbose cwd C:\Users\edwin\Documents\reactjs_course\cards
17 error Windows_NT 10.0.14393
18 error argv "C:\\PROGRA~1\\nodejs\\node.exe" "C:\\PROGRA~1\\nodejs\\node_modules\\npm\\bin\\npm-cli.js" "start"
19 error node v6.9.1
20 error npm  v3.10.8
21 error code ELIFECYCLE
22 error cards@1.0.0 start: `node ./server.js`
22 error Exit status 1
23 error Failed at the cards@1.0.0 start script 'node ./server.js'.
23 error Make sure you have the latest version of node.js and npm installed.
23 error If you do, this is most likely a problem with the cards package,
23 error not with npm itself.
23 error Tell the author that this fails on your system:
23 error     node ./server.js
23 error You can get information on how to open an issue for this project with:
23 error     npm bugs cards
23 error Or if that isn't available, you can get their info via:
23 error     npm owner ls cards
23 error There is likely additional logging output above.
24 verbose exit [ 1, true ]
